<?xml version="1.0" encoding="UTF-8"?>
<!-- Generated by org.testng.reporters.JUnitReportReporter -->
<testsuite hostname="LPT2609" failures="0" tests="1" name="pk_OrangeHRM.WebOrder_Login_Logout_Pre_Post_TestNG" time="9.156" errors="0" timestamp="2022-06-06T14:05:30 IST" skipped="0">
  <testcase classname="pk_OrangeHRM.WebOrder_Login_Logout_Pre_Post_TestNG" name="WeborderLoginVerification" time="9.156"/>
  <system-out/>
</testsuite> <!-- pk_OrangeHRM.WebOrder_Login_Logout_Pre_Post_TestNG -->
