<?xml version="1.0" encoding="UTF-8"?>
<!-- Generated by org.testng.reporters.JUnitReportReporter -->
<testsuite hostname="LPT2609" failures="0" tests="1" name="pk_OrangeHRM.Headless_Browser" time="17.588" errors="0" timestamp="2022-06-07T17:44:27 IST" skipped="0">
  <testcase classname="pk_OrangeHRM.Headless_Browser" name="Chrome_Headless" time="17.588"/>
  <system-out/>
</testsuite> <!-- pk_OrangeHRM.Headless_Browser -->
