<?xml version="1.0" encoding="UTF-8"?>
<!-- Generated by org.testng.reporters.JUnitReportReporter -->
<testsuite hostname="LPT2609" failures="0" tests="1" name="pk_OrangeHRM.OrangeHRM_AssignLeave_With_FollowingSibling_Example" time="16.219" errors="0" timestamp="2022-06-06T16:35:34 IST" skipped="0">
  <testcase classname="pk_OrangeHRM.OrangeHRM_AssignLeave_With_FollowingSibling_Example" name="Login" time="16.219"/>
  <system-out/>
</testsuite> <!-- pk_OrangeHRM.OrangeHRM_AssignLeave_With_FollowingSibling_Example -->
