<?xml version="1.0" encoding="UTF-8"?>
<!-- Generated by org.testng.reporters.JUnitReportReporter -->
<testsuite hostname="LPT2609" failures="0" tests="1" name="pk_OrangeHRM.DateSelector_Example" time="24.736" errors="0" timestamp="2022-06-14T15:11:48 IST" skipped="0">
  <testcase classname="pk_OrangeHRM.DateSelector_Example" name="Date_Select" time="24.736"/>
  <system-out/>
</testsuite> <!-- pk_OrangeHRM.DateSelector_Example -->
