<?xml version="1.0" encoding="UTF-8"?>
<!-- Generated by org.testng.reporters.JUnitReportReporter -->
<testsuite hostname="LPT2609" failures="0" tests="1" name="pk_OrangeHRM.OrangeHRM_AddUser_VerifyAddedUser" time="25.703" errors="0" timestamp="2022-06-06T16:54:01 IST" skipped="0">
  <testcase classname="pk_OrangeHRM.OrangeHRM_AddUser_VerifyAddedUser" name="AddUser_VerifyUser" time="25.703"/>
  <system-out/>
</testsuite> <!-- pk_OrangeHRM.OrangeHRM_AddUser_VerifyAddedUser -->
