<?xml version="1.0" encoding="UTF-8"?>
<!-- Generated by org.testng.reporters.JUnitReportReporter -->
<testsuite hostname="LPT2609" failures="0" tests="1" name="pk_OrangeHRM.MobilDimension" time="31.969" errors="0" timestamp="2022-06-06T17:44:18 IST" skipped="0">
  <testcase classname="pk_OrangeHRM.MobilDimension" name="signOn" time="31.969"/>
  <system-out/>
</testsuite> <!-- pk_OrangeHRM.MobilDimension -->
