<?xml version="1.0" encoding="UTF-8"?>
<!-- Generated by org.testng.reporters.JUnitReportReporter -->
<testsuite hostname="LPT2609" failures="0" tests="1" name="pk_OrangeHRM.Google_AllLink_Navigate_Verify" time="112.314" errors="0" timestamp="2022-06-07T17:21:04 IST" skipped="0">
  <testcase classname="pk_OrangeHRM.Google_AllLink_Navigate_Verify" name="NavigateToAllLinks" time="112.314"/>
  <system-out/>
</testsuite> <!-- pk_OrangeHRM.Google_AllLink_Navigate_Verify -->
