<?xml version="1.0" encoding="UTF-8"?>
<!-- Generated by org.testng.reporters.JUnitReportReporter -->
<testsuite hostname="LPT2609" failures="0" tests="1" name="pk_OrangeHRM.HDFC_NetBanking" time="13.511" errors="0" timestamp="2022-06-07T18:08:00 IST" skipped="0">
  <testcase classname="pk_OrangeHRM.HDFC_NetBanking" name="HDFCLogin" time="13.511"/>
  <system-out/>
</testsuite> <!-- pk_OrangeHRM.HDFC_NetBanking -->
