<?xml version="1.0" encoding="UTF-8"?>
<!-- Generated by org.testng.reporters.JUnitReportReporter -->
<testsuite hostname="LPT2609" failures="0" tests="1" name="pk_OrangeHRM.WebPage_Pagination_Handling_Example" time="63.359" errors="0" timestamp="2022-06-14T18:04:20 IST" skipped="0">
  <testcase classname="pk_OrangeHRM.WebPage_Pagination_Handling_Example" name="Pagination_Example" time="63.359"/>
  <system-out/>
</testsuite> <!-- pk_OrangeHRM.WebPage_Pagination_Handling_Example -->
