<?xml version="1.0" encoding="UTF-8"?>
<!-- Generated by org.testng.reporters.JUnitReportReporter -->
<testsuite hostname="LPT2609" failures="0" tests="2" name="pk_OrangeHRM.OrangeHRM_Title_URL_LandingPage_Verification" time="11.279" errors="0" timestamp="2022-06-07T15:32:51 IST" skipped="0">
  <testcase classname="pk_OrangeHRM.OrangeHRM_Title_URL_LandingPage_Verification" name="Login_001" time="6.757"/>
  <system-out/>
  <testcase classname="pk_OrangeHRM.OrangeHRM_Title_URL_LandingPage_Verification" name="Logout" time="4.522"/>
  <system-out/>
</testsuite> <!-- pk_OrangeHRM.OrangeHRM_Title_URL_LandingPage_Verification -->
