<?xml version="1.0" encoding="UTF-8"?>
<!-- Generated by org.testng.reporters.JUnitReportReporter -->
<testsuite hostname="LPT2609" failures="0" tests="3" name="pk_OrangeHRM.OrangeHRM_Login_Parameter" time="60.462" errors="0" timestamp="2022-06-08T17:45:55 IST" skipped="0">
  <testcase classname="pk_OrangeHRM.OrangeHRM_Login_Parameter" name="Login" time="21.601"/>
  <system-out/>
  <testcase classname="pk_OrangeHRM.OrangeHRM_Login_Parameter" name="Login" time="18.557"/>
  <system-out/>
  <testcase classname="pk_OrangeHRM.OrangeHRM_Login_Parameter" name="Login" time="20.304"/>
  <system-out/>
</testsuite> <!-- pk_OrangeHRM.OrangeHRM_Login_Parameter -->
