<?xml version="1.0" encoding="UTF-8"?>
<!-- Generated by org.testng.reporters.JUnitReportReporter -->
<testsuite hostname="LPT2609" failures="0" tests="2" name="pk_OrangeHRM.SauceLabs_Integration" time="31.756" errors="0" timestamp="2022-06-14T16:21:19 IST" skipped="0">
  <testcase classname="pk_OrangeHRM.SauceLabs_Integration" name="SauceLab_Example" time="24.707"/>
  <system-out/>
  <testcase classname="pk_OrangeHRM.SauceLabs_Integration" name="Logout" time="7.049"/>
  <system-out/>
</testsuite> <!-- pk_OrangeHRM.SauceLabs_Integration -->
