<?xml version="1.0" encoding="UTF-8"?>
<!-- Generated by org.testng.reporters.JUnitReportReporter -->
<testsuite hostname="LPT2609" failures="0" tests="1" name="pk_OrangeHRM.GoogleLink_NavigateToAllLink" time="181.468" errors="0" timestamp="2022-06-07T17:12:49 IST" skipped="0">
  <testcase classname="pk_OrangeHRM.GoogleLink_NavigateToAllLink" name="navigateToAllLinks" time="181.468"/>
  <system-out/>
</testsuite> <!-- pk_OrangeHRM.GoogleLink_NavigateToAllLink -->
