<?xml version="1.0" encoding="UTF-8"?>
<!-- Generated by org.testng.reporters.JUnitReportReporter -->
<testsuite hostname="LPT2609" failures="0" tests="2" name="pk_OrangeHRM.PDFFile_ReadData" time="19.487" errors="0" timestamp="2022-06-14T18:27:38 IST" skipped="1">
  <testcase classname="pk_OrangeHRM.PDFFile_ReadData" name="testVerifyPDFTextUsing_Get" time="19.487"/>
  <system-out/>
  <testcase classname="pk_OrangeHRM.PDFFile_ReadData" name="testVerifyPDFTextInBrowser">
    <skipped/>
  </testcase> <!-- testVerifyPDFTextInBrowser -->
  <system-out/>
</testsuite> <!-- pk_OrangeHRM.PDFFile_ReadData -->
