<?xml version="1.0" encoding="UTF-8"?>
<!-- Generated by org.testng.reporters.JUnitReportReporter -->
<testsuite hostname="LPT2609" failures="0" tests="1" name="pk_OrangeHRM.OrangeHRM_Login_TestNG" time="31.993" errors="0" timestamp="2022-06-03T17:17:39 IST" skipped="0">
  <testcase classname="pk_OrangeHRM.OrangeHRM_Login_TestNG" name="LoginVerification" time="31.993"/>
  <system-out/>
</testsuite> <!-- pk_OrangeHRM.OrangeHRM_Login_TestNG -->
