<?xml version="1.0" encoding="UTF-8"?>
<!-- Generated by org.testng.reporters.JUnitReportReporter -->
<testsuite hostname="LPT2609" failures="0" tests="1" name="pk_OrangeHRM.Drag_Drop" time="26.553" errors="0" timestamp="2022-06-06T17:22:45 IST" skipped="0">
  <testcase classname="pk_OrangeHRM.Drag_Drop" name="DragDrop" time="26.553"/>
  <system-out/>
</testsuite> <!-- pk_OrangeHRM.Drag_Drop -->
