<?xml version="1.0" encoding="UTF-8"?>
<!-- Generated by org.testng.reporters.JUnitReportReporter -->
<testsuite hostname="LPT2609" failures="0" tests="4" name="pk_OrangeHRM.WebOrders_Add_Update_Delete_Order" time="41.567" errors="0" timestamp="2022-06-07T14:30:07 IST" skipped="0">
  <testcase classname="pk_OrangeHRM.WebOrders_Add_Update_Delete_Order" name="Log_In" time="16.859"/>
  <system-out/>
  <testcase classname="pk_OrangeHRM.WebOrders_Add_Update_Delete_Order" name="Add_NewOrder" time="11.981"/>
  <system-out/>
  <testcase classname="pk_OrangeHRM.WebOrders_Add_Update_Delete_Order" name="verifyAdded_WebOrder" time="4.889"/>
  <system-out/>
  <testcase classname="pk_OrangeHRM.WebOrders_Add_Update_Delete_Order" name="ModifyAdded_WebOrder" time="7.838"/>
  <system-out/>
</testsuite> <!-- pk_OrangeHRM.WebOrders_Add_Update_Delete_Order -->
