<?xml version="1.0" encoding="UTF-8"?>
<!-- Generated by org.testng.reporters.JUnitReportReporter -->
<testsuite hostname="LPT2609" failures="0" tests="1" name="pk_OrangeHRM.Spree_AccCreate_AddressUpdate" time="47.647" errors="0" timestamp="2022-06-09T15:14:02 IST" skipped="0">
  <testcase classname="pk_OrangeHRM.Spree_AccCreate_AddressUpdate" name="Login_ValidCredential" time="47.647"/>
  <system-out/>
</testsuite> <!-- pk_OrangeHRM.Spree_AccCreate_AddressUpdate -->
