<?xml version="1.0" encoding="UTF-8"?>
<!-- Generated by org.testng.reporters.JUnitReportReporter -->
<testsuite hostname="LPT2609" failures="0" tests="5" name="pk_OrangeHRM.OrangeHRM_DataProvider_UserLogin_AllScenario" time="16.755" errors="0" timestamp="2022-06-08T16:48:45 IST" skipped="0">
  <testcase classname="pk_OrangeHRM.OrangeHRM_DataProvider_UserLogin_AllScenario" name="LoginToOrangeHRM" time="12.339"/>
  <system-out/>
  <testcase classname="pk_OrangeHRM.OrangeHRM_DataProvider_UserLogin_AllScenario" name="LoginToOrangeHRM" time="2.209"/>
  <system-out/>
  <testcase classname="pk_OrangeHRM.OrangeHRM_DataProvider_UserLogin_AllScenario" name="LoginToOrangeHRM" time="0.418"/>
  <system-out/>
  <testcase classname="pk_OrangeHRM.OrangeHRM_DataProvider_UserLogin_AllScenario" name="LoginToOrangeHRM" time="0.225"/>
  <system-out/>
  <testcase classname="pk_OrangeHRM.OrangeHRM_DataProvider_UserLogin_AllScenario" name="LoginToOrangeHRM" time="1.564"/>
  <system-out/>
</testsuite> <!-- pk_OrangeHRM.OrangeHRM_DataProvider_UserLogin_AllScenario -->
