<?xml version="1.0" encoding="UTF-8"?>
<!-- Generated by org.testng.reporters.JUnitReportReporter -->
<testsuite hostname="LPT2609" failures="0" tests="1" name="pk_OrangeHRM.ConnectSQLDB" time="2.636" errors="0" timestamp="2022-06-10T15:21:26 IST" skipped="0">
  <testcase classname="pk_OrangeHRM.ConnectSQLDB" name="ConnectSQLDB" time="2.636"/>
  <system-out/>
</testsuite> <!-- pk_OrangeHRM.ConnectSQLDB -->
