<?xml version="1.0" encoding="UTF-8"?>
<!-- Generated by org.testng.reporters.JUnitReportReporter -->
<testsuite hostname="LPT2609" failures="0" tests="2" name="pk_OrangeHRM.WebOrder_Login_Logout_Priority_TestNG" time="9.103" errors="0" timestamp="2022-06-03T18:13:52 IST" skipped="0">
  <testcase classname="pk_OrangeHRM.WebOrder_Login_Logout_Priority_TestNG" name="WeborderLoginVerification" time="5.768"/>
  <system-out/>
  <testcase classname="pk_OrangeHRM.WebOrder_Login_Logout_Priority_TestNG" name="Logout" time="3.335"/>
  <system-out/>
</testsuite> <!-- pk_OrangeHRM.WebOrder_Login_Logout_Priority_TestNG -->
