<?xml version="1.0" encoding="UTF-8"?>
<!-- Generated by org.testng.reporters.JUnitReportReporter -->
<testsuite hostname="LPT2609" failures="0" tests="1" name="pk_OrangeHRM.Connection_SQLDB_DataFromDB_OrangeHRM_Login" time="18.922" errors="0" timestamp="2022-06-10T15:55:15 IST" skipped="0">
  <testcase classname="pk_OrangeHRM.Connection_SQLDB_DataFromDB_OrangeHRM_Login" name="ConnectSQLDB_With_LoginApp" time="18.922"/>
  <system-out/>
</testsuite> <!-- pk_OrangeHRM.Connection_SQLDB_DataFromDB_OrangeHRM_Login -->
