<?xml version="1.0" encoding="UTF-8"?>
<!-- Generated by org.testng.reporters.JUnitReportReporter -->
<testsuite hostname="LPT2609" failures="0" tests="1" name="pk_OrangeHRM.OrangeHRM_Login_TestNG" time="65.425" errors="0" timestamp="15 Jun 2022 12:48:26 GMT">
  <testcase classname="pk_OrangeHRM.OrangeHRM_Login_TestNG" name="LoginVerification" time="65.425"/>
</testsuite> <!-- pk_OrangeHRM.OrangeHRM_Login_TestNG -->
