<?xml version="1.0" encoding="UTF-8"?>
<!-- Generated by org.testng.reporters.JUnitReportReporter -->
<testsuite hostname="LPT2609" failures="0" tests="1" name="pk_OrangeHRM.OrangeHRM_Login_TestNG" time="36.433" errors="0" timestamp="15 Jun 2022 12:18:44 GMT">
  <testcase classname="pk_OrangeHRM.OrangeHRM_Login_TestNG" name="LoginVerification" time="36.433"/>
</testsuite> <!-- pk_OrangeHRM.OrangeHRM_Login_TestNG -->
